<?xml version="1.0" encoding="UTF-8"?><testsuite errors="0" failures="1" name="Login page scenarios" skipped="0" tests="1" time="6.13" timestamp="2020-03-16T01:09:16.451629700-05:00[America/Bogota]"><testcase name="User is not allowed to login with invalid credentials"><failure message="The page object class integration.pages.WordPressLoginPage looks dodgy:&#10;Failed to instantiate page (net.thucydides.core.webdriver.UnsupportedDriverException: Could not instantiate class io.appium.java_client.AppiumDriver)" type="net.thucydides.core.pages.WrongPageError">The page object class integration.pages.WordPressLoginPage looks dodgy:
Failed to instantiate page (net.thucydides.core.webdriver.UnsupportedDriverException: Could not instantiate class io.appium.java_client.AppiumDriver)</failure><system-err>The page object class integration.pages.WordPressLoginPage looks dodgy:
Failed to instantiate page (net.thucydides.core.webdriver.UnsupportedDriverException: Could not instantiate class io.appium.java_client.AppiumDriver)&#13;
cucumber.runner.Runner.runPickle(Runner.java:80)&#13;
✽.User is on login page(src/test/java/integration/resources/features/invalid_login.feature:5)&#13;
</system-err></testcase></testsuite>